[2026-04-08 00:11:28] production.ERROR: file_get_contents(C:\Users\isaac\Downloads\todo_list-main\todo_list-main\log-service\.env): Failed to open stream: No such file or directory {"exception":"[object] (ErrorException(code: 0): file_get_contents(C:\\Users\\isaac\\Downloads\\todo_list-main\\todo_list-main\\log-service\\.env): Failed to open stream: No such file or directory at C:/Users/isaac/Downloads/todo_list-main/todo_list-main/log-service/vendor/laravel/framework/src/Illuminate/Foundation/Console/KeyGenerateCommand.php:100)
[stacktrace]
#0 C:/Users/isaac/Downloads/todo_list-main/todo_list-main/log-service/vendor/laravel/framework/src/Illuminate/Foundation/Bootstrap/HandleExceptions.php(258): Illuminate/Foundation/Bootstrap/HandleExceptions->handleError(2, 'file_get_conten...', 'C://Users//isaac//...', 100)
#1 [internal function]: Illuminate/Foundation/Bootstrap/HandleExceptions->Illuminate/Foundation/Bootstrap/{closure}(2, 'file_get_conten...', 'C://Users//isaac//...', 100)
#2 C:/Users/isaac/Downloads/todo_list-main/todo_list-main/log-service/vendor/laravel/framework/src/Illuminate/Foundation/Console/KeyGenerateCommand.php(100): file_get_contents('C://Users//isaac//...')
#3 C:/Users/isaac/Downloads/todo_list-main/todo_list-main/log-service/vendor/laravel/framework/src/Illuminate/Foundation/Console/KeyGenerateCommand.php(82): Illuminate/Foundation/Console/KeyGenerateCommand->writeNewEnvironmentFileWith('base64:PSBuRMmh...')
#4 C:/Users/isaac/Downloads/todo_list-main/todo_list-main/log-service/vendor/laravel/framework/src/Illuminate/Foundation/Console/KeyGenerateCommand.php(47): Illuminate/Foundation/Console/KeyGenerateCommand->setKeyInEnvironmentFile('base64:PSBuRMmh...')
#5 C:/Users/isaac/Downloads/todo_list-main/todo_list-main/log-service/vendor/laravel/framework/src/Illuminate/Container/BoundMethod.php(36): Illuminate/Foundation/Console/KeyGenerateCommand->handle()
#6 C:/Users/isaac/Downloads/todo_list-main/todo_list-main/log-service/vendor/laravel/framework/src/Illuminate/Container/Util.php(43): Illuminate/Container/BoundMethod::Illuminate/Container/{closure}()
#7 C:/Users/isaac/Downloads/todo_list-main/todo_list-main/log-service/vendor/laravel/framework/src/Illuminate/Container/BoundMethod.php(96): Illuminate/Container/Util::unwrapIfClosure(Object(Closure))
#8 C:/Users/isaac/Downloads/todo_list-main/todo_list-main/log-service/vendor/laravel/framework/src/Illuminate/Container/BoundMethod.php(35): Illuminate/Container/BoundMethod::callBoundMethod(Object(Illuminate/Foundation/Application), Array, Object(Closure))
#9 C:/Users/isaac/Downloads/todo_list-main/todo_list-main/log-service/vendor/laravel/framework/src/Illuminate/Container/Container.php(799): Illuminate/Container/BoundMethod::call(Object(Illuminate/Foundation/Application), Array, Array, NULL)
#10 C:/Users/isaac/Downloads/todo_list-main/todo_list-main/log-service/vendor/laravel/framework/src/Illuminate/Console/Command.php(280): Illuminate/Container/Container->call(Array)
#11 C:/Users/isaac/Downloads/todo_list-main/todo_list-main/log-service/vendor/symfony/console/Command/Command.php(341): Illuminate/Console/Command->execute(Object(Symfony/Component/Console/Input/ArgvInput), Object(Illuminate/Console/OutputStyle))
#12 C:/Users/isaac/Downloads/todo_list-main/todo_list-main/log-service/vendor/laravel/framework/src/Illuminate/Console/Command.php(249): Symfony/Component/Console/Command/Command->run(Object(Symfony/Component/Console/Input/ArgvInput), Object(Illuminate/Console/OutputStyle))
#13 C:/Users/isaac/Downloads/todo_list-main/todo_list-main/log-service/vendor/symfony/console/Application.php(1117): Illuminate/Console/Command->run(Object(Symfony/Component/Console/Input/ArgvInput), Object(Symfony/Component/Console/Output/ConsoleOutput))
#14 C:/Users/isaac/Downloads/todo_list-main/todo_list-main/log-service/vendor/symfony/console/Application.php(356): Symfony/Component/Console/Application->doRunCommand(Object(Illuminate/Foundation/Console/KeyGenerateCommand), Object(Symfony/Component/Console/Input/ArgvInput), Object(Symfony/Component/Console/Output/ConsoleOutput))
#15 C:/Users/isaac/Downloads/todo_list-main/todo_list-main/log-service/vendor/symfony/console/Application.php(195): Symfony/Component/Console/Application->doRun(Object(Symfony/Component/Console/Input/ArgvInput), Object(Symfony/Component/Console/Output/ConsoleOutput))
#16 C:/Users/isaac/Downloads/todo_list-main/todo_list-main/log-service/vendor/laravel/framework/src/Illuminate/Foundation/Console/Kernel.php(198): Symfony/Component/Console/Application->run(Object(Symfony/Component/Console/Input/ArgvInput), Object(Symfony/Component/Console/Output/ConsoleOutput))
#17 C:/Users/isaac/Downloads/todo_list-main/todo_list-main/log-service/vendor/laravel/framework/src/Illuminate/Foundation/Application.php(1235): Illuminate/Foundation/Console/Kernel->handle(Object(Symfony/Component/Console/Input/ArgvInput), Object(Symfony/Component/Console/Output/ConsoleOutput))
#18 C:/Users/isaac/Downloads/todo_list-main/todo_list-main/log-service/artisan(16): Illuminate/Foundation/Application->handleCommand(Object(Symfony/Component/Console/Input/ArgvInput))
#19 {main}
"} 
[2026-04-08 00:14:18] local.ERROR: SQLSTATE[42S01]: Base table or view already exists: 1050 Table 'logs' already exists (Connection: mysql, Host: 127.0.0.1, Port: 3306, Database: atividade_todo_list, SQL: create table `logs` (`id` bigint unsigned not null auto_increment primary key, `acao` varchar(255) not null, `usuario_id` bigint unsigned not null, `tarefa_id` bigint unsigned null, `descricao` text not null, `created_at` timestamp null, `updated_at` timestamp null) default character set utf8mb4 collate 'utf8mb4_unicode_ci') {"exception":"[object] (Illuminate\\Database\\QueryException(code: 42S01): SQLSTATE[42S01]: Base table or view already exists: 1050 Table 'logs' already exists (Connection: mysql, Host: 127.0.0.1, Port: 3306, Database: atividade_todo_list, SQL: create table `logs` (`id` bigint unsigned not null auto_increment primary key, `acao` varchar(255) not null, `usuario_id` bigint unsigned not null, `tarefa_id` bigint unsigned null, `descricao` text not null, `created_at` timestamp null, `updated_at` timestamp null) default character set utf8mb4 collate 'utf8mb4_unicode_ci') at C:/Users/isaac/Downloads/todo_list-main/todo_list-main/log-service/vendor/laravel/framework/src/Illuminate/Database/Connection.php:841)
[stacktrace]
#0 C:/Users/isaac/Downloads/todo_list-main/todo_list-main/log-service/vendor/laravel/framework/src/Illuminate/Database/Connection.php(797): Illuminate/Database/Connection->runQueryCallback('create table `l...', Array, Object(Closure))
#1 C:/Users/isaac/Downloads/todo_list-main/todo_list-main/log-service/vendor/laravel/framework/src/Illuminate/Database/Connection.php(576): Illuminate/Database/Connection->run('create table `l...', Array, Object(Closure))
#2 C:/Users/isaac/Downloads/todo_list-main/todo_list-main/log-service/vendor/laravel/framework/src/Illuminate/Database/Schema/Blueprint.php(121): Illuminate/Database/Connection->statement('create table `l...')
#3 C:/Users/isaac/Downloads/todo_list-main/todo_list-main/log-service/vendor/laravel/framework/src/Illuminate/Database/Schema/Builder.php(690): Illuminate/Database/Schema/Blueprint->build()
#4 C:/Users/isaac/Downloads/todo_list-main/todo_list-main/log-service/vendor/laravel/framework/src/Illuminate/Database/Schema/Builder.php(508): Illuminate/Database/Schema/Builder->build(Object(Illuminate/Database/Schema/Blueprint))
#5 C:/Users/isaac/Downloads/todo_list-main/todo_list-main/log-service/vendor/laravel/framework/src/Illuminate/Support/Facades/Facade.php(363): Illuminate/Database/Schema/Builder->create('logs', Object(Closure))
#6 C:/Users/isaac/Downloads/todo_list-main/todo_list-main/log-service/database/migrations/xxxx_create_logs_table.php.php(10): Illuminate/Support/Facades/Facade::__callStatic('create', Array)
#7 C:/Users/isaac/Downloads/todo_list-main/todo_list-main/log-service/vendor/laravel/framework/src/Illuminate/Database/Migrations/Migrator.php(517): Illuminate/Database/Migrations/Migration@anonymous->up()
#8 C:/Users/isaac/Downloads/todo_list-main/todo_list-main/log-service/vendor/laravel/framework/src/Illuminate/Database/Migrations/Migrator.php(442): Illuminate/Database/Migrations/Migrator->runMethod(Object(Illuminate/Database/MySqlConnection), Object(Illuminate/Database/Migrations/Migration@anonymous), 'up')
#9 C:/Users/isaac/Downloads/todo_list-main/todo_list-main/log-service/vendor/laravel/framework/src/Illuminate/Database/Migrations/Migrator.php(451): Illuminate/Database/Migrations/Migrator->Illuminate/Database/Migrations/{closure}()
#10 C:/Users/isaac/Downloads/todo_list-main/todo_list-main/log-service/vendor/laravel/framework/src/Illuminate/Database/Migrations/Migrator.php(253): Illuminate/Database/Migrations/Migrator->runMigration(Object(Illuminate/Database/Migrations/Migration@anonymous), 'up')
#11 C:/Users/isaac/Downloads/todo_list-main/todo_list-main/log-service/vendor/laravel/framework/src/Illuminate/Console/View/Components/Task.php(43): Illuminate/Database/Migrations/Migrator->Illuminate/Database/Migrations/{closure}()
#12 C:/Users/isaac/Downloads/todo_list-main/todo_list-main/log-service/vendor/laravel/framework/src/Illuminate/Database/Migrations/Migrator.php(814): Illuminate/Console/View/Components/Task->render('xxxx_create_log...', Object(Closure))
#13 C:/Users/isaac/Downloads/todo_list-main/todo_list-main/log-service/vendor/laravel/framework/src/Illuminate/Database/Migrations/Migrator.php(253): Illuminate/Database/Migrations/Migrator->write('Illuminate//Cons...', 'xxxx_create_log...', Object(Closure))
#14 C:/Users/isaac/Downloads/todo_list-main/todo_list-main/log-service/vendor/laravel/framework/src/Illuminate/Database/Migrations/Migrator.php(211): Illuminate/Database/Migrations/Migrator->runUp('C://Users//isaac//...', 1, false)
#15 C:/Users/isaac/Downloads/todo_list-main/todo_list-main/log-service/vendor/laravel/framework/src/Illuminate/Database/Migrations/Migrator.php(138): Illuminate/Database/Migrations/Migrator->runPending(Array, Array)
#16 C:/Users/isaac/Downloads/todo_list-main/todo_list-main/log-service/vendor/laravel/framework/src/Illuminate/Database/Console/Migrations/MigrateCommand.php(118): Illuminate/Database/Migrations/Migrator->run(Array, Array)
#17 C:/Users/isaac/Downloads/todo_list-main/todo_list-main/log-service/vendor/laravel/framework/src/Illuminate/Database/Migrations/Migrator.php(671): Illuminate/Database/Console/Migrations/MigrateCommand->Illuminate/Database/Console/Migrations/{closure}()
#18 C:/Users/isaac/Downloads/todo_list-main/todo_list-main/log-service/vendor/laravel/framework/src/Illuminate/Database/Console/Migrations/MigrateCommand.php(111): Illuminate/Database/Migrations/Migrator->usingConnection(NULL, Object(Closure))
#19 C:/Users/isaac/Downloads/todo_list-main/todo_list-main/log-service/vendor/laravel/framework/src/Illuminate/Database/Console/Migrations/MigrateCommand.php(90): Illuminate/Database/Console/Migrations/MigrateCommand->runMigrations()
#20 C:/Users/isaac/Downloads/todo_list-main/todo_list-main/log-service/vendor/laravel/framework/src/Illuminate/Container/BoundMethod.php(36): Illuminate/Database/Console/Migrations/MigrateCommand->handle()
#21 C:/Users/isaac/Downloads/todo_list-main/todo_list-main/log-service/vendor/laravel/framework/src/Illuminate/Container/Util.php(43): Illuminate/Container/BoundMethod::Illuminate/Container/{closure}()
#22 C:/Users/isaac/Downloads/todo_list-main/todo_list-main/log-service/vendor/laravel/framework/src/Illuminate/Container/BoundMethod.php(96): Illuminate/Container/Util::unwrapIfClosure(Object(Closure))
#23 C:/Users/isaac/Downloads/todo_list-main/todo_list-main/log-service/vendor/laravel/framework/src/Illuminate/Container/BoundMethod.php(35): Illuminate/Container/BoundMethod::callBoundMethod(Object(Illuminate/Foundation/Application), Array, Object(Closure))
#24 C:/Users/isaac/Downloads/todo_list-main/todo_list-main/log-service/vendor/laravel/framework/src/Illuminate/Container/Container.php(799): Illuminate/Container/BoundMethod::call(Object(Illuminate/Foundation/Application), Array, Array, NULL)
#25 C:/Users/isaac/Downloads/todo_list-main/todo_list-main/log-service/vendor/laravel/framework/src/Illuminate/Console/Command.php(280): Illuminate/Container/Container->call(Array)
#26 C:/Users/isaac/Downloads/todo_list-main/todo_list-main/log-service/vendor/symfony/console/Command/Command.php(341): Illuminate/Console/Command->execute(Object(Symfony/Component/Console/Input/ArgvInput), Object(Illuminate/Console/OutputStyle))
#27 C:/Users/isaac/Downloads/todo_list-main/todo_list-main/log-service/vendor/laravel/framework/src/Illuminate/Console/Command.php(249): Symfony/Component/Console/Command/Command->run(Object(Symfony/Component/Console/Input/ArgvInput), Object(Illuminate/Console/OutputStyle))
#28 C:/Users/isaac/Downloads/todo_list-main/todo_list-main/log-service/vendor/symfony/console/Application.php(1117): Illuminate/Console/Command->run(Object(Symfony/Component/Console/Input/ArgvInput), Object(Symfony/Component/Console/Output/ConsoleOutput))
#29 C:/Users/isaac/Downloads/todo_list-main/todo_list-main/log-service/vendor/symfony/console/Application.php(356): Symfony/Component/Console/Application->doRunCommand(Object(Illuminate/Database/Console/Migrations/MigrateCommand), Object(Symfony/Component/Console/Input/ArgvInput), Object(Symfony/Component/Console/Output/ConsoleOutput))
#30 C:/Users/isaac/Downloads/todo_list-main/todo_list-main/log-service/vendor/symfony/console/Application.php(195): Symfony/Component/Console/Application->doRun(Object(Symfony/Component/Console/Input/ArgvInput), Object(Symfony/Component/Console/Output/ConsoleOutput))
#31 C:/Users/isaac/Downloads/todo_list-main/todo_list-main/log-service/vendor/laravel/framework/src/Illuminate/Foundation/Console/Kernel.php(198): Symfony/Component/Console/Application->run(Object(Symfony/Component/Console/Input/ArgvInput), Object(Symfony/Component/Console/Output/ConsoleOutput))
#32 C:/Users/isaac/Downloads/todo_list-main/todo_list-main/log-service/vendor/laravel/framework/src/Illuminate/Foundation/Application.php(1235): Illuminate/Foundation/Console/Kernel->handle(Object(Symfony/Component/Console/Input/ArgvInput), Object(Symfony/Component/Console/Output/ConsoleOutput))
#33 C:/Users/isaac/Downloads/todo_list-main/todo_list-main/log-service/artisan(16): Illuminate/Foundation/Application->handleCommand(Object(Symfony/Component/Console/Input/ArgvInput))
#34 {main}

[previous exception] [object] (PDOException(code: 42S01): SQLSTATE[42S01]: Base table or view already exists: 1050 Table 'logs' already exists at C:/Users/isaac/Downloads/todo_list-main/todo_list-main/log-service/vendor/laravel/framework/src/Illuminate/Database/Connection.php:587)
[stacktrace]
#0 C:/Users/isaac/Downloads/todo_list-main/todo_list-main/log-service/vendor/laravel/framework/src/Illuminate/Database/Connection.php(587): PDOStatement->execute()
#1 C:/Users/isaac/Downloads/todo_list-main/todo_list-main/log-service/vendor/laravel/framework/src/Illuminate/Database/Connection.php(830): Illuminate/Database/Connection->Illuminate/Database/{closure}('create table `l...', Array)
#2 C:/Users/isaac/Downloads/todo_list-main/todo_list-main/log-service/vendor/laravel/framework/src/Illuminate/Database/Connection.php(797): Illuminate/Database/Connection->runQueryCallback('create table `l...', Array, Object(Closure))
#3 C:/Users/isaac/Downloads/todo_list-main/todo_list-main/log-service/vendor/laravel/framework/src/Illuminate/Database/Connection.php(576): Illuminate/Database/Connection->run('create table `l...', Array, Object(Closure))
#4 C:/Users/isaac/Downloads/todo_list-main/todo_list-main/log-service/vendor/laravel/framework/src/Illuminate/Database/Schema/Blueprint.php(121): Illuminate/Database/Connection->statement('create table `l...')
#5 C:/Users/isaac/Downloads/todo_list-main/todo_list-main/log-service/vendor/laravel/framework/src/Illuminate/Database/Schema/Builder.php(690): Illuminate/Database/Schema/Blueprint->build()
#6 C:/Users/isaac/Downloads/todo_list-main/todo_list-main/log-service/vendor/laravel/framework/src/Illuminate/Database/Schema/Builder.php(508): Illuminate/Database/Schema/Builder->build(Object(Illuminate/Database/Schema/Blueprint))
#7 C:/Users/isaac/Downloads/todo_list-main/todo_list-main/log-service/vendor/laravel/framework/src/Illuminate/Support/Facades/Facade.php(363): Illuminate/Database/Schema/Builder->create('logs', Object(Closure))
#8 C:/Users/isaac/Downloads/todo_list-main/todo_list-main/log-service/database/migrations/xxxx_create_logs_table.php.php(10): Illuminate/Support/Facades/Facade::__callStatic('create', Array)
#9 C:/Users/isaac/Downloads/todo_list-main/todo_list-main/log-service/vendor/laravel/framework/src/Illuminate/Database/Migrations/Migrator.php(517): Illuminate/Database/Migrations/Migration@anonymous->up()
#10 C:/Users/isaac/Downloads/todo_list-main/todo_list-main/log-service/vendor/laravel/framework/src/Illuminate/Database/Migrations/Migrator.php(442): Illuminate/Database/Migrations/Migrator->runMethod(Object(Illuminate/Database/MySqlConnection), Object(Illuminate/Database/Migrations/Migration@anonymous), 'up')
#11 C:/Users/isaac/Downloads/todo_list-main/todo_list-main/log-service/vendor/laravel/framework/src/Illuminate/Database/Migrations/Migrator.php(451): Illuminate/Database/Migrations/Migrator->Illuminate/Database/Migrations/{closure}()
#12 C:/Users/isaac/Downloads/todo_list-main/todo_list-main/log-service/vendor/laravel/framework/src/Illuminate/Database/Migrations/Migrator.php(253): Illuminate/Database/Migrations/Migrator->runMigration(Object(Illuminate/Database/Migrations/Migration@anonymous), 'up')
#13 C:/Users/isaac/Downloads/todo_list-main/todo_list-main/log-service/vendor/laravel/framework/src/Illuminate/Console/View/Components/Task.php(43): Illuminate/Database/Migrations/Migrator->Illuminate/Database/Migrations/{closure}()
#14 C:/Users/isaac/Downloads/todo_list-main/todo_list-main/log-service/vendor/laravel/framework/src/Illuminate/Database/Migrations/Migrator.php(814): Illuminate/Console/View/Components/Task->render('xxxx_create_log...', Object(Closure))
#15 C:/Users/isaac/Downloads/todo_list-main/todo_list-main/log-service/vendor/laravel/framework/src/Illuminate/Database/Migrations/Migrator.php(253): Illuminate/Database/Migrations/Migrator->write('Illuminate//Cons...', 'xxxx_create_log...', Object(Closure))
#16 C:/Users/isaac/Downloads/todo_list-main/todo_list-main/log-service/vendor/laravel/framework/src/Illuminate/Database/Migrations/Migrator.php(211): Illuminate/Database/Migrations/Migrator->runUp('C://Users//isaac//...', 1, false)
#17 C:/Users/isaac/Downloads/todo_list-main/todo_list-main/log-service/vendor/laravel/framework/src/Illuminate/Database/Migrations/Migrator.php(138): Illuminate/Database/Migrations/Migrator->runPending(Array, Array)
#18 C:/Users/isaac/Downloads/todo_list-main/todo_list-main/log-service/vendor/laravel/framework/src/Illuminate/Database/Console/Migrations/MigrateCommand.php(118): Illuminate/Database/Migrations/Migrator->run(Array, Array)
#19 C:/Users/isaac/Downloads/todo_list-main/todo_list-main/log-service/vendor/laravel/framework/src/Illuminate/Database/Migrations/Migrator.php(671): Illuminate/Database/Console/Migrations/MigrateCommand->Illuminate/Database/Console/Migrations/{closure}()
#20 C:/Users/isaac/Downloads/todo_list-main/todo_list-main/log-service/vendor/laravel/framework/src/Illuminate/Database/Console/Migrations/MigrateCommand.php(111): Illuminate/Database/Migrations/Migrator->usingConnection(NULL, Object(Closure))
#21 C:/Users/isaac/Downloads/todo_list-main/todo_list-main/log-service/vendor/laravel/framework/src/Illuminate/Database/Console/Migrations/MigrateCommand.php(90): Illuminate/Database/Console/Migrations/MigrateCommand->runMigrations()
#22 C:/Users/isaac/Downloads/todo_list-main/todo_list-main/log-service/vendor/laravel/framework/src/Illuminate/Container/BoundMethod.php(36): Illuminate/Database/Console/Migrations/MigrateCommand->handle()
#23 C:/Users/isaac/Downloads/todo_list-main/todo_list-main/log-service/vendor/laravel/framework/src/Illuminate/Container/Util.php(43): Illuminate/Container/BoundMethod::Illuminate/Container/{closure}()
#24 C:/Users/isaac/Downloads/todo_list-main/todo_list-main/log-service/vendor/laravel/framework/src/Illuminate/Container/BoundMethod.php(96): Illuminate/Container/Util::unwrapIfClosure(Object(Closure))
#25 C:/Users/isaac/Downloads/todo_list-main/todo_list-main/log-service/vendor/laravel/framework/src/Illuminate/Container/BoundMethod.php(35): Illuminate/Container/BoundMethod::callBoundMethod(Object(Illuminate/Foundation/Application), Array, Object(Closure))
#26 C:/Users/isaac/Downloads/todo_list-main/todo_list-main/log-service/vendor/laravel/framework/src/Illuminate/Container/Container.php(799): Illuminate/Container/BoundMethod::call(Object(Illuminate/Foundation/Application), Array, Array, NULL)
#27 C:/Users/isaac/Downloads/todo_list-main/todo_list-main/log-service/vendor/laravel/framework/src/Illuminate/Console/Command.php(280): Illuminate/Container/Container->call(Array)
#28 C:/Users/isaac/Downloads/todo_list-main/todo_list-main/log-service/vendor/symfony/console/Command/Command.php(341): Illuminate/Console/Command->execute(Object(Symfony/Component/Console/Input/ArgvInput), Object(Illuminate/Console/OutputStyle))
#29 C:/Users/isaac/Downloads/todo_list-main/todo_list-main/log-service/vendor/laravel/framework/src/Illuminate/Console/Command.php(249): Symfony/Component/Console/Command/Command->run(Object(Symfony/Component/Console/Input/ArgvInput), Object(Illuminate/Console/OutputStyle))
#30 C:/Users/isaac/Downloads/todo_list-main/todo_list-main/log-service/vendor/symfony/console/Application.php(1117): Illuminate/Console/Command->run(Object(Symfony/Component/Console/Input/ArgvInput), Object(Symfony/Component/Console/Output/ConsoleOutput))
#31 C:/Users/isaac/Downloads/todo_list-main/todo_list-main/log-service/vendor/symfony/console/Application.php(356): Symfony/Component/Console/Application->doRunCommand(Object(Illuminate/Database/Console/Migrations/MigrateCommand), Object(Symfony/Component/Console/Input/ArgvInput), Object(Symfony/Component/Console/Output/ConsoleOutput))
#32 C:/Users/isaac/Downloads/todo_list-main/todo_list-main/log-service/vendor/symfony/console/Application.php(195): Symfony/Component/Console/Application->doRun(Object(Symfony/Component/Console/Input/ArgvInput), Object(Symfony/Component/Console/Output/ConsoleOutput))
#33 C:/Users/isaac/Downloads/todo_list-main/todo_list-main/log-service/vendor/laravel/framework/src/Illuminate/Foundation/Console/Kernel.php(198): Symfony/Component/Console/Application->run(Object(Symfony/Component/Console/Input/ArgvInput), Object(Symfony/Component/Console/Output/ConsoleOutput))
#34 C:/Users/isaac/Downloads/todo_list-main/todo_list-main/log-service/vendor/laravel/framework/src/Illuminate/Foundation/Application.php(1235): Illuminate/Foundation/Console/Kernel->handle(Object(Symfony/Component/Console/Input/ArgvInput), Object(Symfony/Component/Console/Output/ConsoleOutput))
#35 C:/Users/isaac/Downloads/todo_list-main/todo_list-main/log-service/artisan(16): Illuminate/Foundation/Application->handleCommand(Object(Symfony/Component/Console/Input/ArgvInput))
#36 {main}
"} 
